<?xml version="1.0" encoding="UTF-8"?>
<!--
  ~ Last updated: 5/14/20, 7:49 PM
  ~ Author: Andrey Kharitonenko
  -->

<beans xmlns="http://www.springframework.org/schema/beans"
       xmlns:xsi="http://www.w3.org/2001/XMLSchema-instance" xmlns:aop="http://www.springframework.org/schema/aop"
       xsi:schemaLocation="http://www.springframework.org/schema/beans
       http://www.springframework.org/schema/beans/spring-beans.xsd http://www.springframework.org/schema/aop
http://www.springframework.org/schema/aop/spring-aop-3.0.xsd">

    <bean id="transactionService" class="com.itacademy.ankhar.impl.TransactionService"/>

    <bean id="transactionData" class="com.itacademy.ankhar.TransactionData">
        <property name="cardNumber" value="123331212"/>
        <property name="cardHolder" value="Pavel"/>
        <property name="cvv" value="324"/>
        <property name="expire" value="#{(T(java.time.LocalDate).now())}"/>
    </bean>

    <bean id="transactionData2" class="com.itacademy.ankhar.TransactionData">
        <property name="cardNumber" value="12341324"/>
        <property name="cardHolder" value="Misha"/>
        <property name="cvv" value="424"/>
        <property name="expire" value="#{(T(java.time.LocalDate).now())}"/>
    </bean>
    
    <bean id="doAdvice" class="com.itacademy.ankhar.impl.TransactionServiceAdvice"/>
    
    <aop:config>
        <aop:pointcut id="doTransaction" expression="execution(* com.itacademy.ankhar.impl.TransactionService.doTransaction(..))"/>
        <aop:pointcut id="doTransactionWithParam" expression="execution(* com.itacademy.ankhar.impl.TransactionService.doTransaction(..)) and args(data)"/>
        <aop:aspect ref="doAdvice">
            <aop:around method="aroundMethod" pointcut-ref="doTransaction"/>
            <aop:before method="beforeAction" pointcut="execution(* com.itacademy.ankhar.impl.TransactionService.doTransaction(..))"/>
            <aop:before method="beforeActionArgs" pointcut-ref="doTransactionWithParam" arg-names="data"/>
            <aop:after method="afterAction" pointcut-ref="doTransaction"/>
            <aop:after-throwing method="afterExceptionAction" pointcut-ref="doTransaction" throwing="e"/>
        </aop:aspect>
    </aop:config>
    
</beans>